# JRE version: Java(TM) SE Runtime Environment Oracle GraalVM 25.0.3+9.1 (25.0.3+9) (build 25.0.3+9-LTS-jvmci-b01)
# Java VM: Java HotSpot(TM) 64-Bit Server VM Oracle GraalVM 25.0.3+9.1 (25.0.3+9-LTS-jvmci-b01, mixed mode, sharing, tiered, jvmci, jvmci compiler, compressed oops, compressed class ptrs, g1 gc, windows-amd64)
GC Precious Log:
 CardTable entry size: 512
 Card Set container configuration: InlinePtr #cards 5 size 8 Array Of Cards #cards 10 size 36 Howl #buckets 4 coarsen threshold 1843 Howl Bitmap #cards 512 size 80 coarsen threshold 460 Card regions per heap region 1 cards per card region 2048
 CPUs: 8 total, 8 available
 Memory: 12033M
 Large Page Support: Disabled
 NUMA Support: Disabled
 Compressed Oops: Enabled (32-bit)
 Heap Region Size: 1M
 Heap Min Capacity: 8M
 Heap Initial Capacity: 190M
 Heap Max Capacity: 2G
 Pre-touch: Disabled
 Parallel Workers: 8
 Concurrent Workers: 2
 Concurrent Refinement Workers: 8
 Periodic GC: Disabled
Heap:
 garbage-first heap   total reserved 2097152K, committed 96256K, used 51866K [0x0000000080000000, 0x0000000100000000)
  region size 1024K, 1 young (1024K), 1 survivors (1024K)
GC Heap Usage History (20 events):
Event: 3.318 {heap After GC invocations=5 (full 0):
 garbage-first heap   total reserved 2097152K, committed 95232K, used 27792K [0x0000000080000000, 0x0000000100000000)
  region size 1024K, 6 young (6144K), 6 survivors (6144K)
}
Event: 3.712 {heap Before GC invocations=5 (full 0):
 garbage-first heap   total reserved 2097152K, committed 95232K, used 69776K [0x0000000080000000, 0x0000000100000000)
  region size 1024K, 48 young (49152K), 6 survivors (6144K)
}
Event: 3.716 {heap After GC invocations=6 (full 0):
 garbage-first heap   total reserved 2097152K, committed 95232K, used 30137K [0x0000000080000000, 0x0000000100000000)
  region size 1024K, 6 young (6144K), 6 survivors (6144K)
}
Event: 3.833 {heap Before GC invocations=6 (full 0):
 garbage-first heap   total reserved 2097152K, committed 95232K, used 39353K [0x0000000080000000, 0x0000000100000000)
  region size 1024K, 16 young (16384K), 6 survivors (6144K)
}
Event: 3.837 {heap After GC invocations=7 (full 0):
 garbage-first heap   total reserved 2097152K, committed 95232K, used 31849K [0x0000000080000000, 0x0000000100000000)
  region size 1024K, 4 young (4096K), 4 survivors (4096K)
}
Event: 4.220 {heap Before GC invocations=8 (full 0):
 garbage-first heap   total reserved 2097152K, committed 95232K, used 77929K [0x0000000080000000, 0x0000000100000000)
  region size 1024K, 49 young (50176K), 4 survivors (4096K)
}
Event: 4.224 {heap After GC invocations=9 (full 0):
 garbage-first heap   total reserved 2097152K, committed 95232K, used 36049K [0x0000000080000000, 0x0000000100000000)
  region size 1024K, 7 young (7168K), 7 survivors (7168K)
}
Event: 4.741 {heap Before GC invocations=9 (full 0):
 garbage-first heap   total reserved 2097152K, committed 95232K, used 80081K [0x0000000080000000, 0x0000000100000000)
  region size 1024K, 50 young (51200K), 7 survivors (7168K)
}
Event: 4.746 {heap After GC invocations=10 (full 0):
 garbage-first heap   total reserved 2097152K, committed 95232K, used 38937K [0x0000000080000000, 0x0000000100000000)
  region size 1024K, 7 young (7168K), 7 survivors (7168K)
}
Event: 5.148 {heap Before GC invocations=10 (full 0):
 garbage-first heap   total reserved 2097152K, committed 95232K, used 80921K [0x0000000080000000, 0x0000000100000000)
  region size 1024K, 48 young (49152K), 7 survivors (7168K)
}
Event: 5.152 {heap After GC invocations=11 (full 0):
 garbage-first heap   total reserved 2097152K, committed 95232K, used 42344K [0x0000000080000000, 0x0000000100000000)
  region size 1024K, 4 young (4096K), 4 survivors (4096K)
}
Event: 5.352 {heap Before GC invocations=11 (full 0):
 garbage-first heap   total reserved 2097152K, committed 95232K, used 82280K [0x0000000080000000, 0x0000000100000000)
  region size 1024K, 43 young (44032K), 4 survivors (4096K)
}
Event: 5.356 {heap After GC invocations=12 (full 0):
 garbage-first heap   total reserved 2097152K, committed 95232K, used 43810K [0x0000000080000000, 0x0000000100000000)
  region size 1024K, 2 young (2048K), 2 survivors (2048K)
}
Event: 5.826 {heap Before GC invocations=12 (full 0):
 garbage-first heap   total reserved 2097152K, committed 95232K, used 83746K [0x0000000080000000, 0x0000000100000000)
  region size 1024K, 41 young (41984K), 2 survivors (2048K)
}
Event: 5.829 {heap After GC invocations=13 (full 0):
 garbage-first heap   total reserved 2097152K, committed 95232K, used 44870K [0x0000000080000000, 0x0000000100000000)
  region size 1024K, 3 young (3072K), 3 survivors (3072K)
}
Event: 6.382 {heap Before GC invocations=14 (full 0):
 garbage-first heap   total reserved 2097152K, committed 95232K, used 84806K [0x0000000080000000, 0x0000000100000000)
  region size 1024K, 42 young (43008K), 3 survivors (3072K)
}
Event: 6.386 {heap After GC invocations=15 (full 0):
 garbage-first heap   total reserved 2097152K, committed 95232K, used 47576K [0x0000000080000000, 0x0000000100000000)
  region size 1024K, 6 young (6144K), 6 survivors (6144K)
}
Event: 6.778 {heap Before GC invocations=15 (full 0):
 garbage-first heap   total reserved 2097152K, committed 95232K, used 84440K [0x0000000080000000, 0x0000000100000000)
  region size 1024K, 43 young (44032K), 6 survivors (6144K)
}
Event: 6.783 {heap After GC invocations=16 (full 0):
 garbage-first heap   total reserved 2097152K, committed 96256K, used 50447K [0x0000000080000000, 0x0000000100000000)
  region size 1024K, 6 young (6144K), 6 survivors (6144K)
}
Event: 8.028 {heap Before GC invocations=16 (full 0):
 garbage-first heap   total reserved 2097152K, committed 96256K, used 86287K [0x0000000080000000, 0x0000000100000000)
  region size 1024K, 41 young (41984K), 6 survivors (6144K)
}

